# Logfile created on 2014-03-25 09:55:55 -0700 by logger.rb/44203
I, [2014-03-25T09:55:55.858111 #6379]  INFO -- : 0:  rake (10.1.1) from /home/robert/.rvm/gems/ruby-2.1.0/specifications/rake-10.1.1.gemspec
I, [2014-03-25T09:55:55.858872 #6379]  INFO -- : 0:  RedCloth (4.2.9) from /home/robert/.rvm/gems/ruby-2.1.0/specifications/RedCloth-4.2.9.gemspec
I, [2014-03-25T09:55:55.859404 #6379]  INFO -- : 0:  i18n (0.6.9) from /home/robert/.rvm/gems/ruby-2.1.0/specifications/i18n-0.6.9.gemspec
I, [2014-03-25T09:55:56.101397 #6379]  INFO -- : 0:  minitest (4.7.5) from /home/robert/.rvm/gems/ruby-2.1.0/specifications/minitest-4.7.5.gemspec
I, [2014-03-25T09:55:56.102576 #6379]  INFO -- : 0:  multi_json (1.9.0) from /home/robert/.rvm/gems/ruby-2.1.0/specifications/multi_json-1.9.0.gemspec
I, [2014-03-25T09:55:56.103367 #6379]  INFO -- : 0:  atomic (1.1.16) from /home/robert/.rvm/gems/ruby-2.1.0/specifications/atomic-1.1.16.gemspec
I, [2014-03-25T09:55:56.104127 #6379]  INFO -- : 0:  thread_safe (0.2.0) from /home/robert/.rvm/gems/ruby-2.1.0/specifications/thread_safe-0.2.0.gemspec
I, [2014-03-25T09:55:56.104877 #6379]  INFO -- : 0:  tzinfo (0.3.39) from /home/robert/.rvm/gems/ruby-2.1.0/specifications/tzinfo-0.3.39.gemspec
I, [2014-03-25T09:55:56.105700 #6379]  INFO -- : 0:  activesupport (4.0.3) from /home/robert/.rvm/gems/ruby-2.1.0/specifications/activesupport-4.0.3.gemspec
I, [2014-03-25T09:55:56.106442 #6379]  INFO -- : 0:  builder (3.1.4) from /home/robert/.rvm/gems/ruby-2.1.0/specifications/builder-3.1.4.gemspec
I, [2014-03-25T09:55:56.107190 #6379]  INFO -- : 0:  erubis (2.7.0) from /home/robert/.rvm/gems/ruby-2.1.0/specifications/erubis-2.7.0.gemspec
I, [2014-03-25T09:55:56.107950 #6379]  INFO -- : 0:  rack (1.5.2) from /home/robert/.rvm/gems/ruby-2.1.0/specifications/rack-1.5.2.gemspec
I, [2014-03-25T09:55:56.109325 #6379]  INFO -- : 0:  rack-test (0.6.2) from /home/robert/.rvm/gems/ruby-2.1.0/specifications/rack-test-0.6.2.gemspec
I, [2014-03-25T09:55:56.109864 #6379]  INFO -- : 0:  actionpack (4.0.3) from /home/robert/.rvm/gems/ruby-2.1.0/specifications/actionpack-4.0.3.gemspec
I, [2014-03-25T09:55:56.110389 #6379]  INFO -- : 0:  mime-types (1.25.1) from /home/robert/.rvm/gems/ruby-2.1.0/specifications/mime-types-1.25.1.gemspec
I, [2014-03-25T09:55:56.110908 #6379]  INFO -- : 0:  polyglot (0.3.4) from /home/robert/.rvm/gems/ruby-2.1.0/specifications/polyglot-0.3.4.gemspec
I, [2014-03-25T09:55:56.111396 #6379]  INFO -- : 0:  treetop (1.4.15) from /home/robert/.rvm/gems/ruby-2.1.0/specifications/treetop-1.4.15.gemspec
I, [2014-03-25T09:55:56.111911 #6379]  INFO -- : 0:  mail (2.5.4) from /home/robert/.rvm/gems/ruby-2.1.0/specifications/mail-2.5.4.gemspec
I, [2014-03-25T09:55:56.112422 #6379]  INFO -- : 0:  actionmailer (4.0.3) from /home/robert/.rvm/gems/ruby-2.1.0/specifications/actionmailer-4.0.3.gemspec
I, [2014-03-25T09:55:56.112934 #6379]  INFO -- : 0:  active_utils (2.0.2) from /home/robert/.rvm/gems/ruby-2.1.0/specifications/active_utils-2.0.2.gemspec
I, [2014-03-25T09:56:01.107515 #6379]  INFO -- : 0:  json (1.8.1) from /home/robert/.rvm/gems/ruby-2.1.0/specifications/json-1.8.1.gemspec
I, [2014-03-25T09:56:01.108859 #6379]  INFO -- : 0:  monetize (0.1.4) from /home/robert/.rvm/gems/ruby-2.1.0/specifications/monetize-0.1.4.gemspec
I, [2014-03-25T09:56:01.109899 #6379]  INFO -- : 0:  money (6.0.1) from /home/robert/.rvm/gems/ruby-2.1.0/specifications/money-6.0.1.gemspec
I, [2014-03-25T09:56:01.110805 #6379]  INFO -- : 0:  mini_portile (0.5.2) from /home/robert/.rvm/gems/ruby-2.1.0/specifications/mini_portile-0.5.2.gemspec
I, [2014-03-25T09:56:01.111771 #6379]  INFO -- : 0:  nokogiri (1.6.1) from /home/robert/.rvm/gems/ruby-2.1.0/specifications/nokogiri-1.6.1.gemspec
I, [2014-03-25T09:56:01.112658 #6379]  INFO -- : 0:  activemerchant (1.42.6) from /home/robert/.rvm/gems/ruby-2.1.0/specifications/activemerchant-1.42.6.gemspec
I, [2014-03-25T09:56:01.113561 #6379]  INFO -- : 0:  activemodel (4.0.3) from /home/robert/.rvm/gems/ruby-2.1.0/specifications/activemodel-4.0.3.gemspec
I, [2014-03-25T09:56:01.114274 #6379]  INFO -- : 0:  activerecord-deprecated_finders (1.0.3) from /home/robert/.rvm/gems/ruby-2.1.0/specifications/activerecord-deprecated_finders-1.0.3.gemspec
I, [2014-03-25T09:56:01.114990 #6379]  INFO -- : 0:  arel (4.0.2) from /home/robert/.rvm/gems/ruby-2.1.0/specifications/arel-4.0.2.gemspec
I, [2014-03-25T09:56:01.115617 #6379]  INFO -- : 0:  activerecord (4.0.3) from /home/robert/.rvm/gems/ruby-2.1.0/specifications/activerecord-4.0.3.gemspec
I, [2014-03-25T09:56:01.116325 #6379]  INFO -- : 0:  addressable (2.3.5) from /home/robert/.rvm/gems/ruby-2.1.0/specifications/addressable-2.3.5.gemspec
I, [2014-03-25T09:56:01.116905 #6379]  INFO -- : 0:  redcarpet (3.0.0) from /home/robert/.rvm/gems/ruby-2.1.0/specifications/redcarpet-3.0.0.gemspec
I, [2014-03-25T09:56:01.117579 #6379]  INFO -- : 0:  rinku (1.7.3) from /home/robert/.rvm/gems/ruby-2.1.0/specifications/rinku-1.7.3.gemspec
I, [2014-03-25T09:56:01.118279 #6379]  INFO -- : 0:  tag_helper (0.0.3) from /home/robert/.rvm/gems/ruby-2.1.0/specifications/tag_helper-0.0.3.gemspec
I, [2014-03-25T09:56:01.118981 #6379]  INFO -- : 0:  auto_html (1.4.2) from /home/robert/.rvm/gems/ruby-2.1.0/specifications/auto_html-1.4.2.gemspec
I, [2014-03-25T09:56:01.119613 #6379]  INFO -- : 0:  bcrypt-ruby (3.1.2) from /home/robert/.rvm/gems/ruby-2.1.0/specifications/bcrypt-ruby-3.1.2.gemspec
I, [2014-03-25T09:56:01.120335 #6379]  INFO -- : 0:  thor (0.18.1) from /home/robert/.rvm/gems/ruby-2.1.0/specifications/thor-0.18.1.gemspec
I, [2014-03-25T09:56:01.121115 #6379]  INFO -- : 0:  railties (4.0.3) from /home/robert/.rvm/gems/ruby-2.1.0/specifications/railties-4.0.3.gemspec
I, [2014-03-25T09:56:01.121734 #6379]  INFO -- : 0:  jquery-rails (3.0.4) from /home/robert/.rvm/gems/ruby-2.1.0/specifications/jquery-rails-3.0.4.gemspec
I, [2014-03-25T09:56:01.122428 #6379]  INFO -- : 0:  bundler (1.5.0) from /home/robert/.rvm/gems/ruby-2.1.0@global/specifications/bundler-1.5.0.gemspec
I, [2014-03-25T09:56:01.123528 #6379]  INFO -- : 0:  hike (1.2.3) from /home/robert/.rvm/gems/ruby-2.1.0/specifications/hike-1.2.3.gemspec
I, [2014-03-25T09:56:01.124341 #6379]  INFO -- : 0:  tilt (1.4.1) from /home/robert/.rvm/gems/ruby-2.1.0/specifications/tilt-1.4.1.gemspec
I, [2014-03-25T09:56:01.124998 #6379]  INFO -- : 0:  sprockets (2.10.1) from /home/robert/.rvm/gems/ruby-2.1.0/specifications/sprockets-2.10.1.gemspec
I, [2014-03-25T09:56:01.125678 #6379]  INFO -- : 0:  sprockets-rails (2.0.1) from /home/robert/.rvm/gems/ruby-2.1.0/specifications/sprockets-rails-2.0.1.gemspec
I, [2014-03-25T09:56:01.126372 #6379]  INFO -- : 0:  rails (4.0.3) from /home/robert/.rvm/gems/ruby-2.1.0/specifications/rails-4.0.3.gemspec
I, [2014-03-25T09:56:01.496024 #6379]  INFO -- : 0:  best_in_place (2.0.3) from /home/robert/.rvm/gems/ruby-2.1.0/bundler/gems/best_in_place-366413be357d/best_in_place.gemspec
I, [2014-03-25T09:56:01.497462 #6379]  INFO -- : 0:  coderay (1.1.0) from /home/robert/.rvm/gems/ruby-2.1.0/specifications/coderay-1.1.0.gemspec
I, [2014-03-25T09:56:01.498435 #6379]  INFO -- : 0:  better_errors (1.1.0) from /home/robert/.rvm/gems/ruby-2.1.0/specifications/better_errors-1.1.0.gemspec
I, [2014-03-25T09:56:01.499288 #6379]  INFO -- : 0:  debug_inspector (0.0.2) from /home/robert/.rvm/gems/ruby-2.1.0/specifications/debug_inspector-0.0.2.gemspec
I, [2014-03-25T09:56:01.500080 #6379]  INFO -- : 0:  binding_of_caller (0.7.2) from /home/robert/.rvm/gems/ruby-2.1.0/specifications/binding_of_caller-0.7.2.gemspec
I, [2014-03-25T09:56:01.500795 #6379]  INFO -- : 0:  browser (0.3.2) from /home/robert/.rvm/gems/ruby-2.1.0/specifications/browser-0.3.2.gemspec
I, [2014-03-25T09:56:01.501618 #6379]  INFO -- : 0:  xpath (2.0.0) from /home/robert/.rvm/gems/ruby-2.1.0/specifications/xpath-2.0.0.gemspec
I, [2014-03-25T09:56:01.502403 #6379]  INFO -- : 0:  capybara (2.1.0) from /home/robert/.rvm/gems/ruby-2.1.0/specifications/capybara-2.1.0.gemspec
I, [2014-03-25T09:56:01.503175 #6379]  INFO -- : 0:  carrierwave (0.8.0) from /home/robert/.rvm/gems/ruby-2.1.0/specifications/carrierwave-0.8.0.gemspec
I, [2014-03-25T09:56:01.503954 #6379]  INFO -- : 0:  crack (0.1.8) from /home/robert/.rvm/gems/ruby-2.1.0/specifications/crack-0.1.8.gemspec
I, [2014-03-25T09:56:01.504799 #6379]  INFO -- : 0:  httparty (0.6.1) from /home/robert/.rvm/gems/ruby-2.1.0/specifications/httparty-0.6.1.gemspec
I, [2014-03-25T09:56:01.505623 #6379]  INFO -- : 0:  mailchimp (0.0.9) from /home/robert/.rvm/gems/ruby-2.1.0/specifications/mailchimp-0.0.9.gemspec
I, [2014-03-25T09:56:01.506465 #6379]  INFO -- : 0:  supermodel (0.1.4) from /home/robert/.rvm/gems/ruby-2.1.0/specifications/supermodel-0.1.4.gemspec
I, [2014-03-25T09:56:01.556985 #6379]  INFO -- : 0:  catarse_mailchimp (0.0.1) from /home/robert/.rvm/gems/ruby-2.1.0/bundler/gems/catarse_mailchimp-2ed4f3931dfa/catarse_mailchimp.gemspec
I, [2014-03-25T09:56:01.557734 #6379]  INFO -- : 0:  enumerate_it (1.2.1) from /home/robert/.rvm/gems/ruby-2.1.0/specifications/enumerate_it-1.2.1.gemspec
I, [2014-03-25T09:56:01.558347 #6379]  INFO -- : 0:  libxml-ruby (2.6.0) from /home/robert/.rvm/gems/ruby-2.1.0/specifications/libxml-ruby-2.6.0.gemspec
I, [2014-03-25T09:56:01.558998 #6379]  INFO -- : 0:  catarse_moip (2.3.4) from /home/robert/.rvm/gems/ruby-2.1.0/specifications/catarse_moip-2.3.4.gemspec
I, [2014-03-25T09:56:01.559644 #6379]  INFO -- : 0:  temple (0.6.7) from /home/robert/.rvm/gems/ruby-2.1.0/specifications/temple-0.6.7.gemspec
I, [2014-03-25T09:56:01.560236 #6379]  INFO -- : 0:  slim (2.0.2) from /home/robert/.rvm/gems/ruby-2.1.0/specifications/slim-2.0.2.gemspec
I, [2014-03-25T09:56:01.560875 #6379]  INFO -- : 0:  slim-rails (2.1.2) from /home/robert/.rvm/gems/ruby-2.1.0/specifications/slim-rails-2.1.2.gemspec
I, [2014-03-25T09:56:01.561595 #6379]  INFO -- : 0:  catarse_paypal_express (2.2.3) from /home/robert/.rvm/gems/ruby-2.1.0/specifications/catarse_paypal_express-2.2.3.gemspec
I, [2014-03-25T09:56:01.562291 #6379]  INFO -- : 0:  timers (1.1.0) from /home/robert/.rvm/gems/ruby-2.1.0/specifications/timers-1.1.0.gemspec
I, [2014-03-25T09:56:01.562789 #6379]  INFO -- : 0:  celluloid (0.15.2) from /home/robert/.rvm/gems/ruby-2.1.0/specifications/celluloid-0.15.2.gemspec
I, [2014-03-25T09:56:01.563461 #6379]  INFO -- : 0:  chartkick (1.2.1) from /home/robert/.rvm/gems/ruby-2.1.0/specifications/chartkick-1.2.1.gemspec
I, [2014-03-25T09:56:01.564100 #6379]  INFO -- : 0:  ffi (1.9.3) from /home/robert/.rvm/gems/ruby-2.1.0/specifications/ffi-1.9.3.gemspec
I, [2014-03-25T09:56:01.564715 #6379]  INFO -- : 0:  childprocess (0.4.0) from /home/robert/.rvm/gems/ruby-2.1.0/specifications/childprocess-0.4.0.gemspec
I, [2014-03-25T09:56:01.565466 #6379]  INFO -- : 0:  chunky_png (1.2.9) from /home/robert/.rvm/gems/ruby-2.1.0/specifications/chunky_png-1.2.9.gemspec
I, [2014-03-25T09:56:01.566272 #6379]  INFO -- : 0:  cliver (0.3.2) from /home/robert/.rvm/gems/ruby-2.1.0/specifications/cliver-0.3.2.gemspec
I, [2014-03-25T09:56:01.566893 #6379]  INFO -- : 0:  coffee-script-source (1.6.3) from /home/robert/.rvm/gems/ruby-2.1.0/specifications/coffee-script-source-1.6.3.gemspec
I, [2014-03-25T09:56:01.567550 #6379]  INFO -- : 0:  execjs (2.0.2) from /home/robert/.rvm/gems/ruby-2.1.0/specifications/execjs-2.0.2.gemspec
I, [2014-03-25T09:56:01.568236 #6379]  INFO -- : 0:  coffee-script (2.2.0) from /home/robert/.rvm/gems/ruby-2.1.0/specifications/coffee-script-2.2.0.gemspec
I, [2014-03-25T09:56:01.568964 #6379]  INFO -- : 0:  coffee-rails (4.0.1) from /home/robert/.rvm/gems/ruby-2.1.0/specifications/coffee-rails-4.0.1.gemspec
I, [2014-03-25T09:56:01.569652 #6379]  INFO -- : 0:  fssm (0.2.10) from /home/robert/.rvm/gems/ruby-2.1.0/specifications/fssm-0.2.10.gemspec
I, [2014-03-25T09:56:01.570292 #6379]  INFO -- : 0:  sass (3.2.13) from /home/robert/.rvm/gems/ruby-2.1.0/specifications/sass-3.2.13.gemspec
I, [2014-03-25T09:56:01.571011 #6379]  INFO -- : 0:  compass (0.12.2) from /home/robert/.rvm/gems/ruby-2.1.0/specifications/compass-0.12.2.gemspec
I, [2014-03-25T09:56:01.571624 #6379]  INFO -- : 0:  compass-960-plugin (0.10.4) from /home/robert/.rvm/gems/ruby-2.1.0/specifications/compass-960-plugin-0.10.4.gemspec
I, [2014-03-25T09:56:01.572330 #6379]  INFO -- : 0:  compass-rails (1.1.3) from /home/robert/.rvm/gems/ruby-2.1.0/specifications/compass-rails-1.1.3.gemspec
I, [2014-03-25T09:56:01.572931 #6379]  INFO -- : 0:  connection_pool (1.2.0) from /home/robert/.rvm/gems/ruby-2.1.0/specifications/connection_pool-1.2.0.gemspec
I, [2014-03-25T09:56:01.573636 #6379]  INFO -- : 0:  rest-client (1.6.7) from /home/robert/.rvm/gems/ruby-2.1.0/specifications/rest-client-1.6.7.gemspec
I, [2014-03-25T09:56:01.574349 #6379]  INFO -- : 0:  docile (1.1.1) from /home/robert/.rvm/gems/ruby-2.1.0/specifications/docile-1.1.1.gemspec
I, [2014-03-25T09:56:01.574937 #6379]  INFO -- : 0:  simplecov-html (0.8.0) from /home/robert/.rvm/gems/ruby-2.1.0/specifications/simplecov-html-0.8.0.gemspec
I, [2014-03-25T09:56:01.575600 #6379]  INFO -- : 0:  simplecov (0.8.2) from /home/robert/.rvm/gems/ruby-2.1.0/specifications/simplecov-0.8.2.gemspec
I, [2014-03-25T09:56:01.576192 #6379]  INFO -- : 0:  tins (0.13.1) from /home/robert/.rvm/gems/ruby-2.1.0/specifications/tins-0.13.1.gemspec
I, [2014-03-25T09:56:01.576825 #6379]  INFO -- : 0:  term-ansicolor (1.2.2) from /home/robert/.rvm/gems/ruby-2.1.0/specifications/term-ansicolor-1.2.2.gemspec
I, [2014-03-25T09:56:01.577495 #6379]  INFO -- : 0:  coveralls (0.7.0) from /home/robert/.rvm/gems/ruby-2.1.0/specifications/coveralls-0.7.0.gemspec
I, [2014-03-25T09:56:01.578165 #6379]  INFO -- : 0:  curb (0.8.5) from /home/robert/.rvm/gems/ruby-2.1.0/specifications/curb-0.8.5.gemspec
I, [2014-03-25T09:56:01.578732 #6379]  INFO -- : 0:  database_cleaner (1.2.0) from /home/robert/.rvm/gems/ruby-2.1.0/specifications/database_cleaner-1.2.0.gemspec
I, [2014-03-25T09:56:01.579323 #6379]  INFO -- : 0:  orm_adapter (0.5.0) from /home/robert/.rvm/gems/ruby-2.1.0/specifications/orm_adapter-0.5.0.gemspec
I, [2014-03-25T09:56:01.579996 #6379]  INFO -- : 0:  warden (1.2.3) from /home/robert/.rvm/gems/ruby-2.1.0/specifications/warden-1.2.3.gemspec
I, [2014-03-25T09:56:01.580570 #6379]  INFO -- : 0:  devise (3.0.4) from /home/robert/.rvm/gems/ruby-2.1.0/specifications/devise-3.0.4.gemspec
I, [2014-03-25T09:56:01.581279 #6379]  INFO -- : 0:  diff-lcs (1.2.5) from /home/robert/.rvm/gems/ruby-2.1.0/specifications/diff-lcs-1.2.5.gemspec
I, [2014-03-25T09:56:01.581967 #6379]  INFO -- : 0:  dotenv (0.9.0) from /home/robert/.rvm/gems/ruby-2.1.0/specifications/dotenv-0.9.0.gemspec
I, [2014-03-25T09:56:01.582609 #6379]  INFO -- : 0:  request_store (1.0.5) from /home/robert/.rvm/gems/ruby-2.1.0/specifications/request_store-1.0.5.gemspec
I, [2014-03-25T09:56:01.583238 #6379]  INFO -- : 0:  draper (1.3.0) from /home/robert/.rvm/gems/ruby-2.1.0/specifications/draper-1.3.0.gemspec
I, [2014-03-25T09:56:01.583816 #6379]  INFO -- : 0:  excon (0.31.0) from /home/robert/.rvm/gems/ruby-2.1.0/specifications/excon-0.31.0.gemspec
I, [2014-03-25T09:56:01.584379 #6379]  INFO -- : 0:  ezcrypto (0.7.2) from /home/robert/.rvm/gems/ruby-2.1.0/specifications/ezcrypto-0.7.2.gemspec
I, [2014-03-25T09:56:01.585019 #6379]  INFO -- : 0:  factory_girl (4.3.0) from /home/robert/.rvm/gems/ruby-2.1.0/specifications/factory_girl-4.3.0.gemspec
I, [2014-03-25T09:56:01.585778 #6379]  INFO -- : 0:  factory_girl_rails (4.3.0) from /home/robert/.rvm/gems/ruby-2.1.0/specifications/factory_girl_rails-4.3.0.gemspec
I, [2014-03-25T09:56:01.586382 #6379]  INFO -- : 0:  fakeweb (1.3.0) from /home/robert/.rvm/gems/ruby-2.1.0/specifications/fakeweb-1.3.0.gemspec
I, [2014-03-25T09:56:01.587053 #6379]  INFO -- : 0:  multipart-post (1.2.0) from /home/robert/.rvm/gems/ruby-2.1.0/specifications/multipart-post-1.2.0.gemspec
I, [2014-03-25T09:56:01.587611 #6379]  INFO -- : 0:  faraday (0.8.8) from /home/robert/.rvm/gems/ruby-2.1.0/specifications/faraday-0.8.8.gemspec
I, [2014-03-25T09:56:01.588237 #6379]  INFO -- : 0:  loofah (1.2.1) from /home/robert/.rvm/gems/ruby-2.1.0/specifications/loofah-1.2.1.gemspec
I, [2014-03-25T09:56:01.588800 #6379]  INFO -- : 0:  sax-machine (0.2.1) from /home/robert/.rvm/gems/ruby-2.1.0/specifications/sax-machine-0.2.1.gemspec
I, [2014-03-25T09:56:01.589452 #6379]  INFO -- : 0:  feedzirra (0.7.0) from /home/robert/.rvm/gems/ruby-2.1.0/specifications/feedzirra-0.7.0.gemspec
I, [2014-03-25T09:56:01.590181 #6379]  INFO -- : 0:  formatador (0.2.4) from /home/robert/.rvm/gems/ruby-2.1.0/specifications/formatador-0.2.4.gemspec
I, [2014-03-25T09:56:01.590751 #6379]  INFO -- : 0:  net-ssh (2.7.0) from /home/robert/.rvm/gems/ruby-2.1.0/specifications/net-ssh-2.7.0.gemspec
I, [2014-03-25T09:56:01.591386 #6379]  INFO -- : 0:  net-scp (1.1.2) from /home/robert/.rvm/gems/ruby-2.1.0/specifications/net-scp-1.1.2.gemspec
I, [2014-03-25T09:56:01.591975 #6379]  INFO -- : 0:  ruby-hmac (0.4.0) from /home/robert/.rvm/gems/ruby-2.1.0/specifications/ruby-hmac-0.4.0.gemspec
I, [2014-03-25T09:56:01.592880 #6379]  INFO -- : 0:  fog (1.19.0) from /home/robert/.rvm/gems/ruby-2.1.0/specifications/fog-1.19.0.gemspec
I, [2014-03-25T09:56:01.593595 #6379]  INFO -- : 0:  foreman (0.63.0) from /home/robert/.rvm/gems/ruby-2.1.0/specifications/foreman-0.63.0.gemspec
I, [2014-03-25T09:56:01.594204 #6379]  INFO -- : 0:  formtastic (2.2.1) from /home/robert/.rvm/gems/ruby-2.1.0/specifications/formtastic-2.2.1.gemspec
I, [2014-03-25T09:56:01.594801 #6379]  INFO -- : 0:  google-analytics-rails (0.0.4) from /home/robert/.rvm/gems/ruby-2.1.0/specifications/google-analytics-rails-0.0.4.gemspec
I, [2014-03-25T09:56:01.595434 #6379]  INFO -- : 0:  has_scope (0.6.0.rc) from /home/robert/.rvm/gems/ruby-2.1.0/specifications/has_scope-0.6.0.rc.gemspec
I, [2014-03-25T09:56:01.596059 #6379]  INFO -- : 0:  hashie (2.0.5) from /home/robert/.rvm/gems/ruby-2.1.0/specifications/hashie-2.0.5.gemspec
I, [2014-03-25T09:56:01.596619 #6379]  INFO -- : 0:  heroku-deflater (0.5.3) from /home/robert/.rvm/gems/ruby-2.1.0/specifications/heroku-deflater-0.5.3.gemspec
I, [2014-03-25T09:56:01.597308 #6379]  INFO -- : 0:  high_voltage (2.1.0) from /home/robert/.rvm/gems/ruby-2.1.0/specifications/high_voltage-2.1.0.gemspec
I, [2014-03-25T09:56:01.597844 #6379]  INFO -- : 0:  htmlentities (4.3.1) from /home/robert/.rvm/gems/ruby-2.1.0/specifications/htmlentities-4.3.1.gemspec
I, [2014-03-25T09:56:01.598370 #6379]  INFO -- : 0:  http_accept_language (2.0.0) from /home/robert/.rvm/gems/ruby-2.1.0/specifications/http_accept_language-2.0.0.gemspec
I, [2014-03-25T09:56:01.598910 #6379]  INFO -- : 0:  httpauth (0.2.0) from /home/robert/.rvm/gems/ruby-2.1.0/specifications/httpauth-0.2.0.gemspec
I, [2014-03-25T09:56:01.599466 #6379]  INFO -- : 0:  httpclient (2.3.4.1) from /home/robert/.rvm/gems/ruby-2.1.0/specifications/httpclient-2.3.4.1.gemspec
I, [2014-03-25T09:56:01.600005 #6379]  INFO -- : 0:  responders (1.0.0) from /home/robert/.rvm/gems/ruby-2.1.0/specifications/responders-1.0.0.gemspec
I, [2014-03-25T09:56:01.600548 #6379]  INFO -- : 0:  inherited_resources (1.4.1) from /home/robert/.rvm/gems/ruby-2.1.0/specifications/inherited_resources-1.4.1.gemspec
I, [2014-03-25T09:56:01.601159 #6379]  INFO -- : 0:  jasmine-core (2.0.0) from /home/robert/.rvm/gems/ruby-2.1.0/specifications/jasmine-core-2.0.0.gemspec
I, [2014-03-25T09:56:01.601718 #6379]  INFO -- : 0:  phantomjs (1.9.2.1) from /home/robert/.rvm/gems/ruby-2.1.0/specifications/phantomjs-1.9.2.1.gemspec
I, [2014-03-25T09:56:01.602261 #6379]  INFO -- : 0:  jasmine (2.0.0) from /home/robert/.rvm/gems/ruby-2.1.0/specifications/jasmine-2.0.0.gemspec
I, [2014-03-25T09:56:01.602914 #6379]  INFO -- : 0:  jwt (0.1.8) from /home/robert/.rvm/gems/ruby-2.1.0/specifications/jwt-0.1.8.gemspec
I, [2014-03-25T09:56:01.603520 #6379]  INFO -- : 0:  kaminari (0.15.0) from /home/robert/.rvm/gems/ruby-2.1.0/specifications/kaminari-0.15.0.gemspec
I, [2014-03-25T09:56:01.604065 #6379]  INFO -- : 0:  kgio (2.8.1) from /home/robert/.rvm/gems/ruby-2.1.0/specifications/kgio-2.8.1.gemspec
I, [2014-03-25T09:56:01.604618 #6379]  INFO -- : 0:  launchy (2.4.2) from /home/robert/.rvm/gems/ruby-2.1.0/specifications/launchy-2.4.2.gemspec
I, [2014-03-25T09:56:01.605284 #6379]  INFO -- : 0:  letter_opener (1.2.0) from /home/robert/.rvm/gems/ruby-2.1.0/specifications/letter_opener-1.2.0.gemspec
I, [2014-03-25T09:56:01.605862 #6379]  INFO -- : 0:  method_source (0.8.2) from /home/robert/.rvm/gems/ruby-2.1.0/specifications/method_source-0.8.2.gemspec
I, [2014-03-25T09:56:01.763219 #6379]  INFO -- : 0:  moip (1.0.2) from /home/robert/.rvm/gems/ruby-2.1.0/bundler/gems/moip-ruby-c0225ad71645/moip.gemspec
I, [2014-03-25T09:56:01.763865 #6379]  INFO -- : 0:  newrelic_rpm (3.6.5.130) from /home/robert/.rvm/gems/ruby-2.1.0/specifications/newrelic_rpm-3.6.5.130.gemspec
I, [2014-03-25T09:56:01.764380 #6379]  INFO -- : 0:  oauth (0.4.7) from /home/robert/.rvm/gems/ruby-2.1.0/specifications/oauth-0.4.7.gemspec
I, [2014-03-25T09:56:01.764877 #6379]  INFO -- : 0:  oauth2 (0.8.1) from /home/robert/.rvm/gems/ruby-2.1.0/specifications/oauth2-0.8.1.gemspec
I, [2014-03-25T09:56:01.765459 #6379]  INFO -- : 0:  omniauth (1.1.4) from /home/robert/.rvm/gems/ruby-2.1.0/specifications/omniauth-1.1.4.gemspec
I, [2014-03-25T09:56:01.765967 #6379]  INFO -- : 0:  omniauth-oauth2 (1.0.3) from /home/robert/.rvm/gems/ruby-2.1.0/specifications/omniauth-oauth2-1.0.3.gemspec
I, [2014-03-25T09:56:01.766463 #6379]  INFO -- : 0:  omniauth-facebook (1.4.0) from /home/robert/.rvm/gems/ruby-2.1.0/specifications/omniauth-facebook-1.4.0.gemspec
I, [2014-03-25T09:56:01.766966 #6379]  INFO -- : 0:  omniauth-oauth (1.0.1) from /home/robert/.rvm/gems/ruby-2.1.0/specifications/omniauth-oauth-1.0.1.gemspec
I, [2014-03-25T09:56:01.767526 #6379]  INFO -- : 0:  omniauth-twitter (1.0.1) from /home/robert/.rvm/gems/ruby-2.1.0/specifications/omniauth-twitter-1.0.1.gemspec
I, [2014-03-25T09:56:01.768095 #6379]  INFO -- : 0:  paper_trail (3.0.0) from /home/robert/.rvm/gems/ruby-2.1.0/specifications/paper_trail-3.0.0.gemspec
I, [2014-03-25T09:56:01.768594 #6379]  INFO -- : 0:  pg (0.17.1) from /home/robert/.rvm/gems/ruby-2.1.0/specifications/pg-0.17.1.gemspec
I, [2014-03-25T09:56:01.769162 #6379]  INFO -- : 0:  pg_search (0.7.2) from /home/robert/.rvm/gems/ruby-2.1.0/specifications/pg_search-0.7.2.gemspec
I, [2014-03-25T09:56:01.769670 #6379]  INFO -- : 0:  websocket-driver (0.3.2) from /home/robert/.rvm/gems/ruby-2.1.0/specifications/websocket-driver-0.3.2.gemspec
I, [2014-03-25T09:56:01.770171 #6379]  INFO -- : 0:  poltergeist (1.5.0) from /home/robert/.rvm/gems/ruby-2.1.0/specifications/poltergeist-1.5.0.gemspec
I, [2014-03-25T09:56:01.770668 #6379]  INFO -- : 0:  postgres-copy (0.8.0) from /home/robert/.rvm/gems/ruby-2.1.0/specifications/postgres-copy-0.8.0.gemspec
I, [2014-03-25T09:56:01.771167 #6379]  INFO -- : 0:  protected_attributes (1.0.5) from /home/robert/.rvm/gems/ruby-2.1.0/specifications/protected_attributes-1.0.5.gemspec
I, [2014-03-25T09:56:01.771659 #6379]  INFO -- : 0:  slop (3.4.7) from /home/robert/.rvm/gems/ruby-2.1.0/specifications/slop-3.4.7.gemspec
I, [2014-03-25T09:56:01.772145 #6379]  INFO -- : 0:  pry (0.9.12.4) from /home/robert/.rvm/gems/ruby-2.1.0/specifications/pry-0.9.12.4.gemspec
I, [2014-03-25T09:56:01.772646 #6379]  INFO -- : 0:  pundit (0.2.1) from /home/robert/.rvm/gems/ruby-2.1.0/specifications/pundit-0.2.1.gemspec
I, [2014-03-25T09:56:01.773241 #6379]  INFO -- : 0:  rack-protection (1.5.1) from /home/robert/.rvm/gems/ruby-2.1.0/specifications/rack-protection-1.5.1.gemspec
I, [2014-03-25T09:56:01.773752 #6379]  INFO -- : 0:  rails-observers (0.1.2) from /home/robert/.rvm/gems/ruby-2.1.0/specifications/rails-observers-0.1.2.gemspec
I, [2014-03-25T09:56:01.774223 #6379]  INFO -- : 0:  rails_serve_static_assets (0.0.2) from /home/robert/.rvm/gems/ruby-2.1.0/specifications/rails_serve_static_assets-0.0.2.gemspec
I, [2014-03-25T09:56:01.774688 #6379]  INFO -- : 0:  rails_stdout_logging (0.0.3) from /home/robert/.rvm/gems/ruby-2.1.0/specifications/rails_stdout_logging-0.0.3.gemspec
I, [2014-03-25T09:56:01.775150 #6379]  INFO -- : 0:  rails_12factor (0.0.2) from /home/robert/.rvm/gems/ruby-2.1.0/specifications/rails_12factor-0.0.2.gemspec
I, [2014-03-25T09:56:01.775613 #6379]  INFO -- : 0:  raindrops (0.12.0) from /home/robert/.rvm/gems/ruby-2.1.0/specifications/raindrops-0.12.0.gemspec
I, [2014-03-25T09:56:01.776077 #6379]  INFO -- : 0:  ranked-model (0.3) from /home/robert/.rvm/gems/ruby-2.1.0/specifications/ranked-model-0.3.gemspec
I, [2014-03-25T09:56:01.776560 #6379]  INFO -- : 0:  redis (3.0.6) from /home/robert/.rvm/gems/ruby-2.1.0/specifications/redis-3.0.6.gemspec
I, [2014-03-25T09:56:01.777023 #6379]  INFO -- : 0:  redis-namespace (1.4.1) from /home/robert/.rvm/gems/ruby-2.1.0/specifications/redis-namespace-1.4.1.gemspec
I, [2014-03-25T09:56:01.777605 #6379]  INFO -- : 0:  rmagick (2.13.2) from /home/robert/.rvm/gems/ruby-2.1.0/specifications/rmagick-2.13.2.gemspec
I, [2014-03-25T09:56:01.778076 #6379]  INFO -- : 0:  routing-filter (0.4.0.pre) from /home/robert/.rvm/gems/ruby-2.1.0/specifications/routing-filter-0.4.0.pre.gemspec
I, [2014-03-25T09:56:01.778537 #6379]  INFO -- : 0:  rspec-core (2.14.7) from /home/robert/.rvm/gems/ruby-2.1.0/specifications/rspec-core-2.14.7.gemspec
I, [2014-03-25T09:56:01.779020 #6379]  INFO -- : 0:  rspec-expectations (2.14.4) from /home/robert/.rvm/gems/ruby-2.1.0/specifications/rspec-expectations-2.14.4.gemspec
I, [2014-03-25T09:56:01.779484 #6379]  INFO -- : 0:  rspec-mocks (2.14.4) from /home/robert/.rvm/gems/ruby-2.1.0/specifications/rspec-mocks-2.14.4.gemspec
I, [2014-03-25T09:56:01.779949 #6379]  INFO -- : 0:  rspec-rails (2.14.1) from /home/robert/.rvm/gems/ruby-2.1.0/specifications/rspec-rails-2.14.1.gemspec
I, [2014-03-25T09:56:01.780413 #6379]  INFO -- : 0:  ruby-ole (1.2.11.7) from /home/robert/.rvm/gems/ruby-2.1.0/specifications/ruby-ole-1.2.11.7.gemspec
I, [2014-03-25T09:56:01.780874 #6379]  INFO -- : 0:  rubyzip (1.1.0) from /home/robert/.rvm/gems/ruby-2.1.0/specifications/rubyzip-1.1.0.gemspec
I, [2014-03-25T09:56:01.781498 #6379]  INFO -- : 0:  sass-rails (4.0.1) from /home/robert/.rvm/gems/ruby-2.1.0/specifications/sass-rails-4.0.1.gemspec
I, [2014-03-25T09:56:01.781995 #6379]  INFO -- : 0:  valuable (0.9.8) from /home/robert/.rvm/gems/ruby-2.1.0/specifications/valuable-0.9.8.gemspec
I, [2014-03-25T09:56:01.782484 #6379]  INFO -- : 0:  schema_plus (1.3.2) from /home/robert/.rvm/gems/ruby-2.1.0/specifications/schema_plus-1.3.2.gemspec
I, [2014-03-25T09:56:01.782971 #6379]  INFO -- : 0:  schema_associations (1.2.0) from /home/robert/.rvm/gems/ruby-2.1.0/specifications/schema_associations-1.2.0.gemspec
I, [2014-03-25T09:56:01.783456 #6379]  INFO -- : 0:  websocket (1.0.7) from /home/robert/.rvm/gems/ruby-2.1.0/specifications/websocket-1.0.7.gemspec
I, [2014-03-25T09:56:01.783941 #6379]  INFO -- : 0:  selenium-webdriver (2.39.0) from /home/robert/.rvm/gems/ruby-2.1.0/specifications/selenium-webdriver-2.39.0.gemspec
I, [2014-03-25T09:56:01.784422 #6379]  INFO -- : 0:  shoulda-context (1.1.6) from /home/robert/.rvm/gems/ruby-2.1.0/specifications/shoulda-context-1.1.6.gemspec
I, [2014-03-25T09:56:01.784954 #6379]  INFO -- : 0:  shoulda-matchers (2.4.0) from /home/robert/.rvm/gems/ruby-2.1.0/specifications/shoulda-matchers-2.4.0.gemspec
I, [2014-03-25T09:56:01.785779 #6379]  INFO -- : 0:  shoulda (3.5.0) from /home/robert/.rvm/gems/ruby-2.1.0/specifications/shoulda-3.5.0.gemspec
I, [2014-03-25T09:56:01.786738 #6379]  INFO -- : 0:  sidekiq (2.15.2) from /home/robert/.rvm/gems/ruby-2.1.0/specifications/sidekiq-2.15.2.gemspec
I, [2014-03-25T09:56:01.787544 #6379]  INFO -- : 0:  simple_form (3.0.1) from /home/robert/.rvm/gems/ruby-2.1.0/specifications/simple_form-3.0.1.gemspec
I, [2014-03-25T09:56:01.788540 #6379]  INFO -- : 0:  sinatra (1.4.4) from /home/robert/.rvm/gems/ruby-2.1.0/specifications/sinatra-1.4.4.gemspec
I, [2014-03-25T09:56:01.789631 #6379]  INFO -- : 0:  spectator-validates_email (0.2.0) from /home/robert/.rvm/gems/ruby-2.1.0/specifications/spectator-validates_email-0.2.0.gemspec
I, [2014-03-25T09:56:01.790443 #6379]  INFO -- : 0:  spreadsheet (0.9.6) from /home/robert/.rvm/gems/ruby-2.1.0/specifications/spreadsheet-0.9.6.gemspec
I, [2014-03-25T09:56:01.791174 #6379]  INFO -- : 0:  state_machine (1.2.0) from /home/robert/.rvm/gems/ruby-2.1.0/specifications/state_machine-1.2.0.gemspec
I, [2014-03-25T09:56:01.791899 #6379]  INFO -- : 0:  to_xls (1.5.2) from /home/robert/.rvm/gems/ruby-2.1.0/specifications/to_xls-1.5.2.gemspec
I, [2014-03-25T09:56:01.792625 #6379]  INFO -- : 0:  uglifier (2.4.0) from /home/robert/.rvm/gems/ruby-2.1.0/specifications/uglifier-2.4.0.gemspec
I, [2014-03-25T09:56:01.793469 #6379]  INFO -- : 0:  unicorn (4.7.0) from /home/robert/.rvm/gems/ruby-2.1.0/specifications/unicorn-4.7.0.gemspec
I, [2014-03-25T09:56:01.794202 #6379]  INFO -- : 0:  video_info (2.0.2) from /home/robert/.rvm/gems/ruby-2.1.0/specifications/video_info-2.0.2.gemspec
I, [2014-03-25T09:56:01.795032 #6379]  INFO -- : 0:  weekdays (1.0.2) from /home/robert/.rvm/gems/ruby-2.1.0/specifications/weekdays-1.0.2.gemspec
